  [1m[35m (3.0ms)[0m  [1m[34mSELECT sqlite_version(*)[0m
  [1m[35m (136.3ms)[0m  [1m[35mCREATE TABLE "schema_migrations" ("version" varchar NOT NULL PRIMARY KEY)[0m
  [1m[35m (150.3ms)[0m  [1m[35mCREATE TABLE "ar_internal_metadata" ("key" varchar NOT NULL PRIMARY KEY, "value" varchar, "created_at" datetime(6) NOT NULL, "updated_at" datetime(6) NOT NULL)[0m
  [1m[35m (0.3ms)[0m  [1m[34mSELECT "schema_migrations"."version" FROM "schema_migrations" ORDER BY "schema_migrations"."version" ASC[0m
Migrating to DeviseCreateUsers (20211006195131)
  [1m[36mTRANSACTION (0.1ms)[0m  [1m[36mbegin transaction[0m
  [1m[35m (0.5ms)[0m  [1m[35mCREATE TABLE "users" ("id" integer PRIMARY KEY AUTOINCREMENT NOT NULL, "email" varchar DEFAULT '' NOT NULL, "encrypted_password" varchar DEFAULT '' NOT NULL, "reset_password_token" varchar, "reset_password_sent_at" datetime, "remember_created_at" datetime, "created_at" datetime(6) NOT NULL, "updated_at" datetime(6) NOT NULL)[0m
  [1m[35m (0.2ms)[0m  [1m[35mCREATE UNIQUE INDEX "index_users_on_email" ON "users" ("email")[0m
  [1m[35m (0.2ms)[0m  [1m[35mCREATE UNIQUE INDEX "index_users_on_reset_password_token" ON "users" ("reset_password_token")[0m
  [1m[36mActiveRecord::SchemaMigration Create (0.2ms)[0m  [1m[32mINSERT INTO "schema_migrations" ("version") VALUES (?)[0m  [["version", "20211006195131"]]
  [1m[36mTRANSACTION (147.7ms)[0m  [1m[36mcommit transaction[0m
  [1m[36mActiveRecord::InternalMetadata Load (0.3ms)[0m  [1m[34mSELECT "ar_internal_metadata".* FROM "ar_internal_metadata" WHERE "ar_internal_metadata"."key" = ? LIMIT ?[0m  [["key", "environment"], ["LIMIT", 1]]
  [1m[36mTRANSACTION (0.1ms)[0m  [1m[36mbegin transaction[0m
  [1m[36mActiveRecord::InternalMetadata Create (0.5ms)[0m  [1m[32mINSERT INTO "ar_internal_metadata" ("key", "value", "created_at", "updated_at") VALUES (?, ?, ?, ?)[0m  [["key", "environment"], ["value", "development"], ["created_at", "2021-10-06 20:00:12.187653"], ["updated_at", "2021-10-06 20:00:12.187653"]]
  [1m[36mTRANSACTION (125.3ms)[0m  [1m[36mcommit transaction[0m
  [1m[35m (0.2ms)[0m  [1m[34mSELECT sqlite_version(*)[0m
  [1m[35m (0.2ms)[0m  [1m[34mSELECT "schema_migrations"."version" FROM "schema_migrations" ORDER BY "schema_migrations"."version" ASC[0m
Started GET "/" for ::1 at 2021-10-06 23:00:49 +0300
  [1m[35m (0.5ms)[0m  [1m[34mSELECT sqlite_version(*)[0m
  [1m[35m (0.2ms)[0m  [1m[34mSELECT "schema_migrations"."version" FROM "schema_migrations" ORDER BY "schema_migrations"."version" ASC[0m
Processing by Rails::WelcomeController#index as HTML
  Rendering /home/oksana/.rbenv/versions/2.7.2/lib/ruby/gems/2.7.0/gems/railties-6.1.4.1/lib/rails/templates/rails/welcome/index.html.erb
  Rendered /home/oksana/.rbenv/versions/2.7.2/lib/ruby/gems/2.7.0/gems/railties-6.1.4.1/lib/rails/templates/rails/welcome/index.html.erb (Duration: 31.1ms | Allocations: 443)
Completed 200 OK in 118ms (Views: 39.3ms | ActiveRecord: 0.0ms | Allocations: 3591)


Started GET "/" for ::1 at 2021-10-06 23:00:52 +0300
Processing by Rails::WelcomeController#index as HTML
  Rendering /home/oksana/.rbenv/versions/2.7.2/lib/ruby/gems/2.7.0/gems/railties-6.1.4.1/lib/rails/templates/rails/welcome/index.html.erb
  Rendered /home/oksana/.rbenv/versions/2.7.2/lib/ruby/gems/2.7.0/gems/railties-6.1.4.1/lib/rails/templates/rails/welcome/index.html.erb (Duration: 9.3ms | Allocations: 219)
Completed 200 OK in 12ms (Views: 10.5ms | ActiveRecord: 0.0ms | Allocations: 833)


Started GET "/" for ::1 at 2021-10-06 23:04:31 +0300
  
ActionController::RoutingError (uninitialized constant SessionsController):
  
Started GET "/" for ::1 at 2021-10-06 23:26:45 +0300
  [1m[35m (0.1ms)[0m  [1m[34mSELECT sqlite_version(*)[0m
  [1m[35m (0.2ms)[0m  [1m[34mSELECT "schema_migrations"."version" FROM "schema_migrations" ORDER BY "schema_migrations"."version" ASC[0m
  
ActionController::RoutingError (uninitialized constant SessionsController):
  
Started GET "/" for ::1 at 2021-10-06 23:49:19 +0300
  
ActionController::RoutingError (uninitialized constant SessionsController):
  
Started GET "/" for ::1 at 2021-10-06 23:51:03 +0300
Processing by Rails::WelcomeController#index as HTML
  Rendering /home/oksana/.rbenv/versions/2.7.2/lib/ruby/gems/2.7.0/gems/railties-6.1.4.1/lib/rails/templates/rails/welcome/index.html.erb
  Rendered /home/oksana/.rbenv/versions/2.7.2/lib/ruby/gems/2.7.0/gems/railties-6.1.4.1/lib/rails/templates/rails/welcome/index.html.erb (Duration: 10.6ms | Allocations: 218)
Completed 200 OK in 16ms (Views: 13.9ms | Allocations: 904)


Started GET "/users/sign_up" for ::1 at 2021-10-06 23:51:52 +0300
Processing by Devise::RegistrationsController#new as HTML
  [1m[35m (0.1ms)[0m  [1m[34mSELECT sqlite_version(*)[0m
  Rendering layout layouts/application.html.erb
  Rendering devise/registrations/new.html.erb within layouts/application
  Rendered devise/shared/_links.html.erb (Duration: 1.2ms | Allocations: 525)
  Rendered devise/registrations/new.html.erb within layouts/application (Duration: 473.7ms | Allocations: 22251)
[Webpacker] Compiling...
[Webpacker] Compiled all packs in /home/oksana/e-vents/public/packs
[Webpacker] Hash: e2f281de3ea1fdc4fa5a
Version: webpack 4.46.0
Time: 7201ms
Built at: 10/06/2021 11:52:10 PM
                                     Asset       Size       Chunks                         Chunk Names
    js/application-be412d64645010827f4e.js    125 KiB  application  [emitted] [immutable]  application
js/application-be412d64645010827f4e.js.map    139 KiB  application  [emitted] [dev]        application
                             manifest.json  364 bytes               [emitted]              
Entrypoint application = js/application-be412d64645010827f4e.js js/application-be412d64645010827f4e.js.map
[./app/javascript/channels sync recursive _channel\.js$] ./app/javascript/channels sync _channel\.js$ 160 bytes {application} [built]
[./app/javascript/channels/index.js] 211 bytes {application} [built]
[./app/javascript/packs/application.js] 492 bytes {application} [built]
[./node_modules/webpack/buildin/module.js] (webpack)/buildin/module.js 552 bytes {application} [built]
    + 3 hidden modules

  Rendered layout layouts/application.html.erb (Duration: 18447.1ms | Allocations: 143195)
Completed 500 Internal Server Error in 18511ms (ActiveRecord: 1.4ms | Allocations: 150175)


  
ActionView::Template::Error (undefined local variable or method `root_path' for #<ActionView::Base:0x0000000000f3c0>
Did you mean?  font_path):
    23:     <% end %>
    24:     <nav class="navbar is-info">
    25:       <div class="navbar-brand">
    26:        <%= link_to root_path, class: "navbar-item" do %>
    27:          <h1 class="title is-5">PRIVATE EVENTS</h1>
    28:       <% end %>
    29:         <div class="navbar-burger burger" data-target="navbarExample">
  
app/views/layouts/application.html.erb:26
Started GET "/users/sign_up" for ::1 at 2021-10-06 23:52:53 +0300
Processing by Devise::RegistrationsController#new as HTML
  Rendering layout layouts/application.html.erb
  Rendering devise/registrations/new.html.erb within layouts/application
  Rendered devise/shared/_links.html.erb (Duration: 1.9ms | Allocations: 478)
  Rendered devise/registrations/new.html.erb within layouts/application (Duration: 28.3ms | Allocations: 7127)
[Webpacker] Everything's up-to-date. Nothing to do
  Rendered layout layouts/application.html.erb (Duration: 42.4ms | Allocations: 11001)
Completed 200 OK in 50ms (Views: 47.5ms | ActiveRecord: 0.0ms | Allocations: 12609)


  [1m[35m (0.4ms)[0m  [1m[34mSELECT sqlite_version(*)[0m
  [1m[35m (0.2ms)[0m  [1m[34mSELECT "schema_migrations"."version" FROM "schema_migrations" ORDER BY "schema_migrations"."version" ASC[0m
Migrating to AddNameToUsers (20211006205646)
  [1m[36mTRANSACTION (0.1ms)[0m  [1m[36mbegin transaction[0m
  [1m[35m (0.7ms)[0m  [1m[35mALTER TABLE "users" ADD "name" varchar[0m
  [1m[36mActiveRecord::SchemaMigration Create (0.3ms)[0m  [1m[32mINSERT INTO "schema_migrations" ("version") VALUES (?)[0m  [["version", "20211006205646"]]
  [1m[36mTRANSACTION (235.5ms)[0m  [1m[36mcommit transaction[0m
  [1m[36mActiveRecord::InternalMetadata Load (0.2ms)[0m  [1m[34mSELECT "ar_internal_metadata".* FROM "ar_internal_metadata" WHERE "ar_internal_metadata"."key" = ? LIMIT ?[0m  [["key", "environment"], ["LIMIT", 1]]
  [1m[35m (0.1ms)[0m  [1m[34mSELECT sqlite_version(*)[0m
  [1m[35m (0.2ms)[0m  [1m[34mSELECT "schema_migrations"."version" FROM "schema_migrations" ORDER BY "schema_migrations"."version" ASC[0m
Started GET "/users/sign_up" for ::1 at 2021-10-07 00:04:23 +0300
  [1m[35m (0.1ms)[0m  [1m[34mSELECT sqlite_version(*)[0m
  [1m[35m (0.2ms)[0m  [1m[34mSELECT "schema_migrations"."version" FROM "schema_migrations" ORDER BY "schema_migrations"."version" ASC[0m
Processing by Devise::RegistrationsController#new as HTML
  Rendering layout layouts/application.html.erb
  Rendering devise/registrations/new.html.erb within layouts/application
  Rendered devise/registrations/new.html.erb within layouts/application (Duration: 15.4ms | Allocations: 6689)
  Rendered layout layouts/application.html.erb (Duration: 15.7ms | Allocations: 6753)
Completed 500 Internal Server Error in 72ms (ActiveRecord: 0.0ms | Allocations: 12040)


  
ActionView::Template::Error (undefined method `name' for #<User id: nil, email: "", created_at: nil, updated_at: nil>):
    4:   <%= f.error_notification %>
    5: 
    6:   <div class="form-inputs">
    7:     <%= f.input :name, required: true, autofocus: true, input_html: { class:"input" }, wrapper: false, label_html: { class:"label" } %>
    8:     <%= f.input :email,
    9:                 required: true,
   10:                 autofocus: true,
  
app/views/devise/registrations/new.html.erb:7
app/views/devise/registrations/new.html.erb:3
Started GET "/users/sign_up" for ::1 at 2021-10-07 00:04:44 +0300
  [1m[35m (0.5ms)[0m  [1m[34mSELECT sqlite_version(*)[0m
  [1m[35m (0.2ms)[0m  [1m[34mSELECT "schema_migrations"."version" FROM "schema_migrations" ORDER BY "schema_migrations"."version" ASC[0m
Processing by Devise::RegistrationsController#new as HTML
  Rendering layout layouts/application.html.erb
  Rendering devise/registrations/new.html.erb within layouts/application
  Rendered devise/shared/_links.html.erb (Duration: 1.8ms | Allocations: 530)
  Rendered devise/registrations/new.html.erb within layouts/application (Duration: 46.0ms | Allocations: 18323)
[Webpacker] Everything's up-to-date. Nothing to do
  Rendered layout layouts/application.html.erb (Duration: 65.6ms | Allocations: 24317)
Completed 200 OK in 172ms (Views: 134.5ms | ActiveRecord: 1.8ms | Allocations: 32445)


Started GET "/" for ::1 at 2021-10-07 00:04:47 +0300
  
ActionController::RoutingError (uninitialized constant SessionController):
  
Started GET "/" for ::1 at 2021-10-07 00:04:52 +0300
  
ActionController::RoutingError (uninitialized constant SessionController):
  
Started GET "/" for ::1 at 2021-10-07 00:04:54 +0300
  
ActionController::RoutingError (uninitialized constant SessionController):
  
Started GET "/" for ::1 at 2021-10-07 00:05:08 +0300
  
ActionController::RoutingError (uninitialized constant SessionController):
  
Started GET "/users/sign_up" for ::1 at 2021-10-07 00:05:33 +0300
Processing by Devise::RegistrationsController#new as HTML
  Rendering layout layouts/application.html.erb
  Rendering devise/registrations/new.html.erb within layouts/application
  Rendered devise/shared/_links.html.erb (Duration: 0.9ms | Allocations: 106)
  Rendered devise/registrations/new.html.erb within layouts/application (Duration: 34.2ms | Allocations: 9147)
[Webpacker] Everything's up-to-date. Nothing to do
  Rendered layout layouts/application.html.erb (Duration: 51.5ms | Allocations: 12609)
Completed 200 OK in 55ms (Views: 53.2ms | ActiveRecord: 0.0ms | Allocations: 13279)


Started GET "/users/sign_in" for ::1 at 2021-10-07 00:05:41 +0300
Processing by Devise::SessionsController#new as HTML
  Rendering layout layouts/application.html.erb
  Rendering devise/sessions/new.html.erb within layouts/application
  Rendered devise/shared/_links.html.erb (Duration: 1.3ms | Allocations: 215)
  Rendered devise/sessions/new.html.erb within layouts/application (Duration: 171.1ms | Allocations: 9182)
[Webpacker] Everything's up-to-date. Nothing to do
  Rendered layout layouts/application.html.erb (Duration: 180.2ms | Allocations: 12515)
Completed 200 OK in 192ms (Views: 190.2ms | ActiveRecord: 0.0ms | Allocations: 13958)


Started GET "/users/password/new" for ::1 at 2021-10-07 00:05:45 +0300
Processing by Devise::PasswordsController#new as HTML
  Rendering layout layouts/application.html.erb
  Rendering devise/passwords/new.html.erb within layouts/application
  Rendered devise/shared/_links.html.erb (Duration: 0.8ms | Allocations: 152)
  Rendered devise/passwords/new.html.erb within layouts/application (Duration: 10.9ms | Allocations: 3488)
[Webpacker] Everything's up-to-date. Nothing to do
  Rendered layout layouts/application.html.erb (Duration: 23.3ms | Allocations: 6789)
Completed 200 OK in 30ms (Views: 28.5ms | ActiveRecord: 0.0ms | Allocations: 7978)


Started POST "/users/password" for ::1 at 2021-10-07 00:06:07 +0300
Processing by Devise::PasswordsController#create as HTML
  Parameters: {"authenticity_token"=>"[FILTERED]", "user"=>{"email"=>""}, "commit"=>"Send me reset password instructions"}
  Rendering layout layouts/application.html.erb
  Rendering devise/passwords/new.html.erb within layouts/application
  Rendered devise/shared/_links.html.erb (Duration: 0.4ms | Allocations: 146)
  Rendered devise/passwords/new.html.erb within layouts/application (Duration: 10.6ms | Allocations: 4179)
[Webpacker] Everything's up-to-date. Nothing to do
  Rendered layout layouts/application.html.erb (Duration: 16.3ms | Allocations: 7493)
Completed 200 OK in 50ms (Views: 17.4ms | ActiveRecord: 0.0ms | Allocations: 9897)


Started GET "/" for ::1 at 2021-10-07 00:14:39 +0300
Processing by UsersController#index as HTML
  Rendering layout layouts/application.html.erb
  Rendering users/index.html.erb within layouts/application
  [1m[35m (0.1ms)[0m  [1m[34mSELECT sqlite_version(*)[0m
  ↳ app/views/users/index.html.erb:2
  [1m[36mUser Load (0.7ms)[0m  [1m[34mSELECT "users".* FROM "users"[0m
  ↳ app/views/users/index.html.erb:2
  Rendered users/index.html.erb within layouts/application (Duration: 6.8ms | Allocations: 1609)
[Webpacker] Everything's up-to-date. Nothing to do
  Rendered layout layouts/application.html.erb (Duration: 653.8ms | Allocations: 115277)
Completed 200 OK in 660ms (Views: 655.5ms | ActiveRecord: 1.1ms | Allocations: 117073)


  [1m[35m (0.4ms)[0m  [1m[34mSELECT sqlite_version(*)[0m
  [1m[35m (0.1ms)[0m  [1m[34mSELECT "schema_migrations"."version" FROM "schema_migrations" ORDER BY "schema_migrations"."version" ASC[0m
Migrating to CreateEvents (20211006211632)
  [1m[36mTRANSACTION (0.2ms)[0m  [1m[36mbegin transaction[0m
  [1m[35m (0.7ms)[0m  [1m[35mCREATE TABLE "events" ("id" integer PRIMARY KEY AUTOINCREMENT NOT NULL, "title" varchar, "place" varchar, "date" datetime, "created_at" datetime(6) NOT NULL, "updated_at" datetime(6) NOT NULL)[0m
  [1m[36mActiveRecord::SchemaMigration Create (0.3ms)[0m  [1m[32mINSERT INTO "schema_migrations" ("version") VALUES (?)[0m  [["version", "20211006211632"]]
  [1m[36mTRANSACTION (156.3ms)[0m  [1m[36mcommit transaction[0m
  [1m[36mActiveRecord::InternalMetadata Load (0.3ms)[0m  [1m[34mSELECT "ar_internal_metadata".* FROM "ar_internal_metadata" WHERE "ar_internal_metadata"."key" = ? LIMIT ?[0m  [["key", "environment"], ["LIMIT", 1]]
  [1m[35m (0.1ms)[0m  [1m[34mSELECT sqlite_version(*)[0m
  [1m[35m (0.2ms)[0m  [1m[34mSELECT "schema_migrations"."version" FROM "schema_migrations" ORDER BY "schema_migrations"."version" ASC[0m
  [1m[35m (0.4ms)[0m  [1m[34mSELECT sqlite_version(*)[0m
  [1m[35m (0.2ms)[0m  [1m[34mSELECT "schema_migrations"."version" FROM "schema_migrations" ORDER BY "schema_migrations"."version" ASC[0m
Migrating to CreateAttendances (20211006212050)
  [1m[36mTRANSACTION (0.1ms)[0m  [1m[36mbegin transaction[0m
  [1m[35m (0.5ms)[0m  [1m[35mCREATE TABLE "attendances" ("id" integer PRIMARY KEY AUTOINCREMENT NOT NULL, "user_id" integer NOT NULL, "event_id" integer NOT NULL, "created_at" datetime(6) NOT NULL, "updated_at" datetime(6) NOT NULL, CONSTRAINT "fk_rails_77ad02f5c5"
FOREIGN KEY ("user_id")
  REFERENCES "users" ("id")
, CONSTRAINT "fk_rails_777eb7170a"
FOREIGN KEY ("event_id")
  REFERENCES "events" ("id")
)[0m
  [1m[35m (0.2ms)[0m  [1m[35mCREATE INDEX "index_attendances_on_user_id" ON "attendances" ("user_id")[0m
  [1m[35m (0.2ms)[0m  [1m[35mCREATE INDEX "index_attendances_on_event_id" ON "attendances" ("event_id")[0m
  [1m[36mActiveRecord::SchemaMigration Create (0.4ms)[0m  [1m[32mINSERT INTO "schema_migrations" ("version") VALUES (?)[0m  [["version", "20211006212050"]]
  [1m[36mTRANSACTION (141.5ms)[0m  [1m[36mcommit transaction[0m
  [1m[36mActiveRecord::InternalMetadata Load (0.3ms)[0m  [1m[34mSELECT "ar_internal_metadata".* FROM "ar_internal_metadata" WHERE "ar_internal_metadata"."key" = ? LIMIT ?[0m  [["key", "environment"], ["LIMIT", 1]]
  [1m[35m (0.1ms)[0m  [1m[34mSELECT sqlite_version(*)[0m
  [1m[35m (0.2ms)[0m  [1m[34mSELECT "schema_migrations"."version" FROM "schema_migrations" ORDER BY "schema_migrations"."version" ASC[0m
  [1m[35m (0.8ms)[0m  [1m[34mSELECT sqlite_version(*)[0m
  [1m[35m (0.2ms)[0m  [1m[34mSELECT "schema_migrations"."version" FROM "schema_migrations" ORDER BY "schema_migrations"."version" ASC[0m
Migrating to AddUserRefToEvents (20211006212709)
  [1m[36mTRANSACTION (0.1ms)[0m  [1m[36mbegin transaction[0m
  [1m[35m (0.6ms)[0m  [1m[35mALTER TABLE "events" ADD "user_id" integer[0m
  [1m[35m (0.3ms)[0m  [1m[35mCREATE INDEX "index_events_on_user_id" ON "events" ("user_id")[0m
  [1m[35m (0.0ms)[0m  [1m[35mPRAGMA foreign_keys[0m
  [1m[35m (0.1ms)[0m  [1m[35mPRAGMA defer_foreign_keys[0m
  [1m[35m (0.1ms)[0m  [1m[35mPRAGMA defer_foreign_keys = ON[0m
  [1m[35m (0.1ms)[0m  [1m[35mPRAGMA foreign_keys = OFF[0m
  [1m[35m (0.2ms)[0m  [1m[35mCREATE TEMPORARY TABLE "aevents" ("id" integer NOT NULL PRIMARY KEY, "title" varchar DEFAULT NULL, "place" varchar DEFAULT NULL, "date" datetime DEFAULT NULL, "created_at" datetime(6) NOT NULL, "updated_at" datetime(6) NOT NULL, "user_id" integer DEFAULT NULL)[0m
  [1m[35m (0.1ms)[0m  [1m[35mCREATE INDEX "tindex_aevents_on_user_id" ON "aevents" ("user_id")[0m
  [1m[35m (0.1ms)[0m  [1m[32mINSERT INTO "aevents" ("id","title","place","date","created_at","updated_at","user_id")
                     SELECT "id","title","place","date","created_at","updated_at","user_id" FROM "events"[0m
  [1m[35m (0.3ms)[0m  [1m[35mDROP TABLE "events"[0m
  [1m[35m (0.2ms)[0m  [1m[35mCREATE TABLE "events" ("id" integer NOT NULL PRIMARY KEY, "title" varchar DEFAULT NULL, "place" varchar DEFAULT NULL, "date" datetime DEFAULT NULL, "created_at" datetime(6) NOT NULL, "updated_at" datetime(6) NOT NULL, "user_id" integer DEFAULT NULL, CONSTRAINT "fk_rails_0cb5590091"
FOREIGN KEY ("user_id")
  REFERENCES "users" ("id")
)[0m
  [1m[35m (0.1ms)[0m  [1m[35mCREATE INDEX "index_events_on_user_id" ON "events" ("user_id")[0m
  [1m[35m (0.1ms)[0m  [1m[32mINSERT INTO "events" ("id","title","place","date","created_at","updated_at","user_id")
                     SELECT "id","title","place","date","created_at","updated_at","user_id" FROM "aevents"[0m
  [1m[35m (0.2ms)[0m  [1m[35mDROP TABLE "aevents"[0m
  [1m[35m (0.1ms)[0m  [1m[35mPRAGMA defer_foreign_keys = 0[0m
  [1m[35m (0.1ms)[0m  [1m[35mPRAGMA foreign_keys = 1[0m
  [1m[36mActiveRecord::SchemaMigration Create (0.3ms)[0m  [1m[32mINSERT INTO "schema_migrations" ("version") VALUES (?)[0m  [["version", "20211006212709"]]
  [1m[36mTRANSACTION (195.0ms)[0m  [1m[36mcommit transaction[0m
  [1m[36mActiveRecord::InternalMetadata Load (0.3ms)[0m  [1m[34mSELECT "ar_internal_metadata".* FROM "ar_internal_metadata" WHERE "ar_internal_metadata"."key" = ? LIMIT ?[0m  [["key", "environment"], ["LIMIT", 1]]
  [1m[35m (0.1ms)[0m  [1m[34mSELECT sqlite_version(*)[0m
  [1m[35m (0.3ms)[0m  [1m[34mSELECT "schema_migrations"."version" FROM "schema_migrations" ORDER BY "schema_migrations"."version" ASC[0m
  [1m[35m (0.4ms)[0m  [1m[34mSELECT sqlite_version(*)[0m
  [1m[35m (0.2ms)[0m  [1m[34mSELECT "schema_migrations"."version" FROM "schema_migrations" ORDER BY "schema_migrations"."version" ASC[0m
Migrating to ChangeEventsUserToCreatorId (20211006213034)
  [1m[36mTRANSACTION (0.1ms)[0m  [1m[36mbegin transaction[0m
  [1m[35m (0.1ms)[0m  [1m[35mPRAGMA foreign_keys[0m
  [1m[35m (0.1ms)[0m  [1m[35mPRAGMA defer_foreign_keys[0m
  [1m[35m (0.1ms)[0m  [1m[35mPRAGMA defer_foreign_keys = ON[0m
  [1m[35m (0.1ms)[0m  [1m[35mPRAGMA foreign_keys = OFF[0m
  [1m[35m (0.4ms)[0m  [1m[35mCREATE TEMPORARY TABLE "aevents" ("id" integer NOT NULL PRIMARY KEY, "title" varchar DEFAULT NULL, "place" varchar DEFAULT NULL, "date" datetime DEFAULT NULL, "created_at" datetime(6) NOT NULL, "updated_at" datetime(6) NOT NULL, "creator_id" integer DEFAULT NULL)[0m
  [1m[35m (0.2ms)[0m  [1m[35mCREATE INDEX "tindex_aevents_on_user_id" ON "aevents" ("creator_id")[0m
  [1m[35m (0.1ms)[0m  [1m[32mINSERT INTO "aevents" ("id","title","place","date","created_at","updated_at","creator_id")
                     SELECT "id","title","place","date","created_at","updated_at","user_id" FROM "events"[0m
  [1m[35m (0.5ms)[0m  [1m[35mDROP TABLE "events"[0m
  [1m[35m (0.2ms)[0m  [1m[35mCREATE TABLE "events" ("id" integer NOT NULL PRIMARY KEY, "title" varchar DEFAULT NULL, "place" varchar DEFAULT NULL, "date" datetime DEFAULT NULL, "created_at" datetime(6) NOT NULL, "updated_at" datetime(6) NOT NULL, "creator_id" integer DEFAULT NULL, CONSTRAINT "fk_rails_15c34a9137"
FOREIGN KEY ("creator_id")
  REFERENCES "users" ("id")
)[0m
  [1m[35m (0.2ms)[0m  [1m[35mCREATE INDEX "index_events_on_user_id" ON "events" ("creator_id")[0m
  [1m[35m (0.1ms)[0m  [1m[32mINSERT INTO "events" ("id","title","place","date","created_at","updated_at","creator_id")
                     SELECT "id","title","place","date","created_at","updated_at","creator_id" FROM "aevents"[0m
  [1m[35m (0.2ms)[0m  [1m[35mDROP TABLE "aevents"[0m
  [1m[35m (0.1ms)[0m  [1m[35mPRAGMA defer_foreign_keys = 0[0m
  [1m[35m (0.1ms)[0m  [1m[35mPRAGMA foreign_keys = 1[0m
  [1m[35m (0.3ms)[0m  [1m[35mCREATE INDEX "index_events_on_creator_id" ON "events" ("creator_id")[0m
  [1m[35m (0.3ms)[0m  [1m[35mDROP INDEX "index_events_on_user_id"[0m
  [1m[36mActiveRecord::SchemaMigration Create (0.3ms)[0m  [1m[32mINSERT INTO "schema_migrations" ("version") VALUES (?)[0m  [["version", "20211006213034"]]
  [1m[36mTRANSACTION (207.4ms)[0m  [1m[36mcommit transaction[0m
  [1m[36mActiveRecord::InternalMetadata Load (0.3ms)[0m  [1m[34mSELECT "ar_internal_metadata".* FROM "ar_internal_metadata" WHERE "ar_internal_metadata"."key" = ? LIMIT ?[0m  [["key", "environment"], ["LIMIT", 1]]
  [1m[35m (0.1ms)[0m  [1m[34mSELECT sqlite_version(*)[0m
  [1m[35m (0.2ms)[0m  [1m[34mSELECT "schema_migrations"."version" FROM "schema_migrations" ORDER BY "schema_migrations"."version" ASC[0m
Started GET "/" for ::1 at 2021-10-07 00:44:20 +0300
  
ArgumentError (Unknown key: :foreigh_key. Valid keys are: :class_name, :anonymous_class, :primary_key, :foreign_key, :dependent, :validate, :inverse_of, :strict_loading, :autosave, :before_add, :after_add, :before_remove, :after_remove, :extend, :counter_cache, :join_table, :index_errors, :ensuring_owner_was):
  
app/models/user.rb:9:in `<class:User>'
app/models/user.rb:5:in `<main>'
config/routes.rb:4:in `block in <main>'
config/routes.rb:3:in `<main>'
Started GET "/" for ::1 at 2021-10-07 00:45:32 +0300
  [1m[35m (0.1ms)[0m  [1m[34mSELECT sqlite_version(*)[0m
  [1m[35m (0.4ms)[0m  [1m[34mSELECT "schema_migrations"."version" FROM "schema_migrations" ORDER BY "schema_migrations"."version" ASC[0m
Processing by UsersController#index as HTML
  Rendering layout layouts/application.html.erb
  Rendering users/index.html.erb within layouts/application
  [1m[36mUser Load (0.3ms)[0m  [1m[34mSELECT "users".* FROM "users"[0m
  ↳ app/views/users/index.html.erb:2
  Rendered users/index.html.erb within layouts/application (Duration: 5.6ms | Allocations: 684)
[Webpacker] Everything's up-to-date. Nothing to do
  Rendered layout layouts/application.html.erb (Duration: 22.9ms | Allocations: 4188)
Completed 200 OK in 33ms (Views: 24.1ms | ActiveRecord: 0.3ms | Allocations: 5272)


Started GET "/users/sign_up" for ::1 at 2021-10-07 00:45:36 +0300
Processing by Devise::RegistrationsController#new as HTML
  Rendering layout layouts/application.html.erb
  Rendering devise/registrations/new.html.erb within layouts/application
  Rendered devise/shared/_links.html.erb (Duration: 1.7ms | Allocations: 486)
  Rendered devise/registrations/new.html.erb within layouts/application (Duration: 39.2ms | Allocations: 10547)
[Webpacker] Everything's up-to-date. Nothing to do
  Rendered layout layouts/application.html.erb (Duration: 52.4ms | Allocations: 13930)
Completed 200 OK in 76ms (Views: 58.0ms | ActiveRecord: 0.0ms | Allocations: 19022)


Started GET "/users/sign_in" for ::1 at 2021-10-07 00:45:39 +0300
Processing by Devise::SessionsController#new as HTML
  Rendering layout layouts/application.html.erb
  Rendering devise/sessions/new.html.erb within layouts/application
  Rendered devise/shared/_links.html.erb (Duration: 0.4ms | Allocations: 158)
  Rendered devise/sessions/new.html.erb within layouts/application (Duration: 29.9ms | Allocations: 9073)
[Webpacker] Everything's up-to-date. Nothing to do
  Rendered layout layouts/application.html.erb (Duration: 44.0ms | Allocations: 12627)
Completed 200 OK in 61ms (Views: 59.8ms | ActiveRecord: 0.0ms | Allocations: 13920)


Started GET "/users" for ::1 at 2021-10-07 00:45:40 +0300
Processing by UsersController#index as HTML
  Rendering layout layouts/application.html.erb
  Rendering users/index.html.erb within layouts/application
  [1m[36mUser Load (0.5ms)[0m  [1m[34mSELECT "users".* FROM "users"[0m
  ↳ app/views/users/index.html.erb:2
  Rendered users/index.html.erb within layouts/application (Duration: 8.2ms | Allocations: 666)
[Webpacker] Everything's up-to-date. Nothing to do
  Rendered layout layouts/application.html.erb (Duration: 24.3ms | Allocations: 4722)
Completed 200 OK in 27ms (Views: 24.9ms | ActiveRecord: 0.5ms | Allocations: 5119)


Started GET "/users" for ::1 at 2021-10-07 00:45:42 +0300
Processing by UsersController#index as HTML
  Rendering layout layouts/application.html.erb
  Rendering users/index.html.erb within layouts/application
  [1m[36mUser Load (0.2ms)[0m  [1m[34mSELECT "users".* FROM "users"[0m
  ↳ app/views/users/index.html.erb:2
  Rendered users/index.html.erb within layouts/application (Duration: 3.8ms | Allocations: 674)
[Webpacker] Everything's up-to-date. Nothing to do
  Rendered layout layouts/application.html.erb (Duration: 13.2ms | Allocations: 4177)
Completed 200 OK in 16ms (Views: 14.0ms | ActiveRecord: 0.2ms | Allocations: 4575)


Started GET "/events" for ::1 at 2021-10-07 00:55:45 +0300
Processing by EventsController#index as HTML
  [1m[35m (0.2ms)[0m  [1m[34mSELECT sqlite_version(*)[0m
  ↳ app/controllers/events_controller.rb:3:in `index'
  Rendering layout layouts/application.html.erb
  Rendering events/index.html.erb within layouts/application
  [1m[36mEvent Load (0.3ms)[0m  [1m[34mSELECT "events".* FROM "events" ORDER BY created_at DESC[0m
  ↳ app/views/events/index.html.erb:3
  Rendered events/index.html.erb within layouts/application (Duration: 3.0ms | Allocations: 860)
[Webpacker] Everything's up-to-date. Nothing to do
  Rendered layout layouts/application.html.erb (Duration: 692.1ms | Allocations: 115681)
Completed 200 OK in 818ms (Views: 694.2ms | ActiveRecord: 0.8ms | Allocations: 120063)


Started GET "/events" for ::1 at 2021-10-07 00:56:19 +0300
Processing by EventsController#index as HTML
  Rendering layout layouts/application.html.erb
  Rendering events/index.html.erb within layouts/application
  [1m[36mEvent Load (0.3ms)[0m  [1m[34mSELECT "events".* FROM "events" ORDER BY created_at DESC[0m
  ↳ app/views/events/index.html.erb:3
  Rendered events/index.html.erb within layouts/application (Duration: 4.1ms | Allocations: 854)
[Webpacker] Everything's up-to-date. Nothing to do
  Rendered layout layouts/application.html.erb (Duration: 16.4ms | Allocations: 4921)
Completed 200 OK in 22ms (Views: 19.9ms | ActiveRecord: 0.3ms | Allocations: 6135)


Started GET "/events" for ::1 at 2021-10-07 01:43:57 +0300
Processing by EventsController#index as HTML
  [1m[35m (0.1ms)[0m  [1m[34mSELECT sqlite_version(*)[0m
  ↳ app/controllers/events_controller.rb:5:in `index'
  Rendering layout layouts/application.html.erb
  Rendering events/index.html.erb within layouts/application
  [1m[36mEvent Load (24.7ms)[0m  [1m[34mSELECT "events".* FROM "events" ORDER BY created_at DESC[0m
  ↳ app/views/events/index.html.erb:3
  Rendered events/index.html.erb within layouts/application (Duration: 41.3ms | Allocations: 841)
[Webpacker] Everything's up-to-date. Nothing to do
  Rendered layout layouts/application.html.erb (Duration: 460.7ms | Allocations: 4916)
Completed 200 OK in 908ms (Views: 499.3ms | ActiveRecord: 25.2ms | Allocations: 8612)


Started GET "/events" for ::1 at 2021-10-07 02:10:13 +0300
Processing by EventsController#index as HTML
  [1m[35m (0.1ms)[0m  [1m[34mSELECT sqlite_version(*)[0m
  ↳ app/controllers/events_controller.rb:5:in `index'
  Rendering layout layouts/application.html.erb
  Rendering events/index.html.erb within layouts/application
  [1m[36mEvent Load (25.4ms)[0m  [1m[34mSELECT "events".* FROM "events" ORDER BY created_at DESC[0m
  ↳ app/views/events/index.html.erb:3
  Rendered events/index.html.erb within layouts/application (Duration: 28.7ms | Allocations: 864)
[Webpacker] Everything's up-to-date. Nothing to do
  Rendered layout layouts/application.html.erb (Duration: 273.9ms | Allocations: 5037)
Completed 200 OK in 444ms (Views: 310.4ms | ActiveRecord: 26.0ms | Allocations: 8733)


Started GET "/events" for ::1 at 2021-10-07 02:10:36 +0300
Processing by EventsController#index as HTML
  Rendering layout layouts/application.html.erb
  Rendering events/index.html.erb within layouts/application
  [1m[36mEvent Load (0.3ms)[0m  [1m[34mSELECT "events".* FROM "events" ORDER BY created_at DESC[0m
  ↳ app/views/events/index.html.erb:3
  Rendered events/index.html.erb within layouts/application (Duration: 3.4ms | Allocations: 683)
[Webpacker] Everything's up-to-date. Nothing to do
  Rendered layout layouts/application.html.erb (Duration: 12.6ms | Allocations: 4262)
Completed 200 OK in 15ms (Views: 13.4ms | ActiveRecord: 0.3ms | Allocations: 4676)


Started GET "/events" for ::1 at 2021-10-07 02:10:38 +0300
Processing by EventsController#index as HTML
  Rendering layout layouts/application.html.erb
  Rendering events/index.html.erb within layouts/application
  [1m[36mEvent Load (0.3ms)[0m  [1m[34mSELECT "events".* FROM "events" ORDER BY created_at DESC[0m
  ↳ app/views/events/index.html.erb:3
  Rendered events/index.html.erb within layouts/application (Duration: 3.8ms | Allocations: 691)
[Webpacker] Everything's up-to-date. Nothing to do
  Rendered layout layouts/application.html.erb (Duration: 18.1ms | Allocations: 4270)
Completed 200 OK in 21ms (Views: 19.4ms | ActiveRecord: 0.3ms | Allocations: 4684)


Started GET "/events" for ::1 at 2021-10-07 02:10:38 +0300
Processing by EventsController#index as HTML
  Rendering layout layouts/application.html.erb
  Rendering events/index.html.erb within layouts/application
  [1m[36mEvent Load (1.1ms)[0m  [1m[34mSELECT "events".* FROM "events" ORDER BY created_at DESC[0m
  ↳ app/views/events/index.html.erb:3
  Rendered events/index.html.erb within layouts/application (Duration: 6.7ms | Allocations: 683)
[Webpacker] Everything's up-to-date. Nothing to do
  Rendered layout layouts/application.html.erb (Duration: 17.7ms | Allocations: 4262)
Completed 200 OK in 22ms (Views: 19.5ms | ActiveRecord: 1.1ms | Allocations: 4675)


Started GET "/users" for ::1 at 2021-10-07 02:10:39 +0300
Processing by UsersController#index as HTML
  Rendering layout layouts/application.html.erb
  Rendering users/index.html.erb within layouts/application
  [1m[36mUser Load (17.2ms)[0m  [1m[34mSELECT "users".* FROM "users"[0m
  ↳ app/views/users/index.html.erb:2
  Rendered users/index.html.erb within layouts/application (Duration: 87.8ms | Allocations: 832)
[Webpacker] Everything's up-to-date. Nothing to do
  Rendered layout layouts/application.html.erb (Duration: 94.1ms | Allocations: 4440)
Completed 200 OK in 99ms (Views: 79.8ms | ActiveRecord: 17.2ms | Allocations: 5452)


Started GET "/users" for ::1 at 2021-10-07 02:11:08 +0300
Processing by UsersController#index as HTML
  Rendering layout layouts/application.html.erb
  Rendering users/index.html.erb within layouts/application
  [1m[36mUser Load (0.2ms)[0m  [1m[34mSELECT "users".* FROM "users"[0m
  ↳ app/views/users/index.html.erb:3
  Rendered users/index.html.erb within layouts/application (Duration: 5.9ms | Allocations: 803)
[Webpacker] Everything's up-to-date. Nothing to do
  Rendered layout layouts/application.html.erb (Duration: 18.0ms | Allocations: 4960)
Completed 200 OK in 22ms (Views: 20.1ms | ActiveRecord: 0.2ms | Allocations: 6150)


Started GET "/users/sign_up" for ::1 at 2021-10-07 02:11:17 +0300
Processing by Devise::RegistrationsController#new as HTML
  Rendering layout layouts/application.html.erb
  Rendering devise/registrations/new.html.erb within layouts/application
  Rendered devise/shared/_links.html.erb (Duration: 86.6ms | Allocations: 497)
  Rendered devise/registrations/new.html.erb within layouts/application (Duration: 199.2ms | Allocations: 10026)
[Webpacker] Everything's up-to-date. Nothing to do
  Rendered layout layouts/application.html.erb (Duration: 206.0ms | Allocations: 13520)
Completed 200 OK in 225ms (Views: 208.7ms | ActiveRecord: 0.0ms | Allocations: 18605)


Started GET "/users/sign_in" for ::1 at 2021-10-07 02:11:29 +0300
Processing by Devise::SessionsController#new as HTML
  Rendering layout layouts/application.html.erb
  Rendering devise/sessions/new.html.erb within layouts/application
  Rendered devise/shared/_links.html.erb (Duration: 0.4ms | Allocations: 158)
  Rendered devise/sessions/new.html.erb within layouts/application (Duration: 131.7ms | Allocations: 9256)
[Webpacker] Everything's up-to-date. Nothing to do
  Rendered layout layouts/application.html.erb (Duration: 142.6ms | Allocations: 12748)
Completed 200 OK in 155ms (Views: 153.1ms | ActiveRecord: 0.0ms | Allocations: 14034)


Started GET "/users/sign_in" for ::1 at 2021-10-07 02:11:37 +0300
Processing by Devise::SessionsController#new as HTML
  Rendering layout layouts/application.html.erb
  Rendering devise/sessions/new.html.erb within layouts/application
  Rendered devise/shared/_links.html.erb (Duration: 0.5ms | Allocations: 148)
  Rendered devise/sessions/new.html.erb within layouts/application (Duration: 31.7ms | Allocations: 8489)
[Webpacker] Everything's up-to-date. Nothing to do
  Rendered layout layouts/application.html.erb (Duration: 43.3ms | Allocations: 11954)
Completed 200 OK in 52ms (Views: 47.1ms | ActiveRecord: 0.0ms | Allocations: 12546)


Started GET "/users/sign_in" for ::1 at 2021-10-07 02:11:42 +0300
Processing by Devise::SessionsController#new as HTML
  Rendering layout layouts/application.html.erb
  Rendering devise/sessions/new.html.erb within layouts/application
  Rendered devise/shared/_links.html.erb (Duration: 0.8ms | Allocations: 148)
  Rendered devise/sessions/new.html.erb within layouts/application (Duration: 28.4ms | Allocations: 8489)
[Webpacker] Everything's up-to-date. Nothing to do
  Rendered layout layouts/application.html.erb (Duration: 39.0ms | Allocations: 11954)
Completed 200 OK in 44ms (Views: 40.9ms | ActiveRecord: 0.0ms | Allocations: 12542)


Started GET "/users/sign_in" for ::1 at 2021-10-07 02:11:43 +0300
Processing by Devise::SessionsController#new as HTML
  Rendering layout layouts/application.html.erb
  Rendering devise/sessions/new.html.erb within layouts/application
  Rendered devise/shared/_links.html.erb (Duration: 0.4ms | Allocations: 148)
  Rendered devise/sessions/new.html.erb within layouts/application (Duration: 32.2ms | Allocations: 8494)
[Webpacker] Everything's up-to-date. Nothing to do
  Rendered layout layouts/application.html.erb (Duration: 43.6ms | Allocations: 11977)
Completed 200 OK in 48ms (Views: 46.0ms | ActiveRecord: 0.0ms | Allocations: 12566)


Started GET "/users/sign_in" for ::1 at 2021-10-07 02:11:44 +0300
Processing by Devise::SessionsController#new as HTML
  Rendering layout layouts/application.html.erb
  Rendering devise/sessions/new.html.erb within layouts/application
  Rendered devise/shared/_links.html.erb (Duration: 1.6ms | Allocations: 148)
  Rendered devise/sessions/new.html.erb within layouts/application (Duration: 34.8ms | Allocations: 8502)
[Webpacker] Everything's up-to-date. Nothing to do
  Rendered layout layouts/application.html.erb (Duration: 48.2ms | Allocations: 11985)
Completed 200 OK in 51ms (Views: 49.4ms | ActiveRecord: 0.0ms | Allocations: 12575)


Started GET "/users" for ::1 at 2021-10-07 02:11:45 +0300
Processing by UsersController#index as HTML
  Rendering layout layouts/application.html.erb
  Rendering users/index.html.erb within layouts/application
  [1m[36mUser Load (0.2ms)[0m  [1m[34mSELECT "users".* FROM "users"[0m
  ↳ app/views/users/index.html.erb:3
  Rendered users/index.html.erb within layouts/application (Duration: 3.9ms | Allocations: 666)
[Webpacker] Everything's up-to-date. Nothing to do
  Rendered layout layouts/application.html.erb (Duration: 18.7ms | Allocations: 4257)
Completed 200 OK in 22ms (Views: 20.1ms | ActiveRecord: 0.2ms | Allocations: 4654)


Started GET "/events" for ::1 at 2021-10-07 02:11:47 +0300
Processing by EventsController#index as HTML
  Rendering layout layouts/application.html.erb
  Rendering events/index.html.erb within layouts/application
  [1m[36mEvent Load (0.2ms)[0m  [1m[34mSELECT "events".* FROM "events" ORDER BY created_at DESC[0m
  ↳ app/views/events/index.html.erb:3
  Rendered events/index.html.erb within layouts/application (Duration: 3.8ms | Allocations: 857)
[Webpacker] Everything's up-to-date. Nothing to do
  Rendered layout layouts/application.html.erb (Duration: 14.4ms | Allocations: 4479)
Completed 200 OK in 19ms (Views: 17.1ms | ActiveRecord: 0.2ms | Allocations: 5466)


Started GET "/events" for ::1 at 2021-10-07 02:21:56 +0300
Processing by EventsController#index as HTML
  [1m[35m (0.1ms)[0m  [1m[34mSELECT sqlite_version(*)[0m
  ↳ app/controllers/events_controller.rb:5:in `index'
  Rendering layout layouts/application.html.erb
  Rendering events/index.html.erb within layouts/application
  [1m[36mEvent Load (0.4ms)[0m  [1m[34mSELECT "events".* FROM "events" ORDER BY created_at DESC[0m
  ↳ app/views/events/index.html.erb:3
  Rendered events/index.html.erb within layouts/application (Duration: 3.9ms | Allocations: 859)
[Webpacker] Everything's up-to-date. Nothing to do
  Rendered layout layouts/application.html.erb (Duration: 17.2ms | Allocations: 4887)
Completed 200 OK in 32ms (Views: 19.7ms | ActiveRecord: 0.8ms | Allocations: 8582)


Started GET "/users/sign_up" for ::1 at 2021-10-07 02:22:12 +0300
Processing by Devise::RegistrationsController#new as HTML
  Rendering layout layouts/application.html.erb
  Rendering devise/registrations/new.html.erb within layouts/application
  Rendered devise/shared/_links.html.erb (Duration: 2.6ms | Allocations: 489)
  Rendered devise/registrations/new.html.erb within layouts/application (Duration: 44.2ms | Allocations: 10028)
[Webpacker] Everything's up-to-date. Nothing to do
  Rendered layout layouts/application.html.erb (Duration: 58.2ms | Allocations: 13619)
Completed 200 OK in 80ms (Views: 63.2ms | ActiveRecord: 0.0ms | Allocations: 19155)


Started GET "/users/sign_up" for ::1 at 2021-10-07 02:22:15 +0300
Processing by Devise::RegistrationsController#new as HTML
  Rendering layout layouts/application.html.erb
  Rendering devise/registrations/new.html.erb within layouts/application
  Rendered devise/shared/_links.html.erb (Duration: 0.8ms | Allocations: 102)
  Rendered devise/registrations/new.html.erb within layouts/application (Duration: 36.3ms | Allocations: 9079)
[Webpacker] Everything's up-to-date. Nothing to do
  Rendered layout layouts/application.html.erb (Duration: 49.2ms | Allocations: 12569)
Completed 200 OK in 53ms (Views: 50.4ms | ActiveRecord: 0.0ms | Allocations: 13112)


Started GET "/users/sign_up" for ::1 at 2021-10-07 02:22:18 +0300
Processing by Devise::RegistrationsController#new as HTML
  Rendering layout layouts/application.html.erb
  Rendering devise/registrations/new.html.erb within layouts/application
  Rendered devise/shared/_links.html.erb (Duration: 0.2ms | Allocations: 102)
  Rendered devise/registrations/new.html.erb within layouts/application (Duration: 63.0ms | Allocations: 9070)
[Webpacker] Everything's up-to-date. Nothing to do
  Rendered layout layouts/application.html.erb (Duration: 79.4ms | Allocations: 12542)
Completed 200 OK in 85ms (Views: 82.0ms | ActiveRecord: 0.0ms | Allocations: 13082)


Started GET "/users/sign_up" for ::1 at 2021-10-07 02:22:20 +0300
Processing by Devise::RegistrationsController#new as HTML
  Rendering layout layouts/application.html.erb
  Rendering devise/registrations/new.html.erb within layouts/application
  Rendered devise/shared/_links.html.erb (Duration: 0.7ms | Allocations: 102)
  Rendered devise/registrations/new.html.erb within layouts/application (Duration: 59.2ms | Allocations: 9077)
[Webpacker] Everything's up-to-date. Nothing to do
  Rendered layout layouts/application.html.erb (Duration: 69.3ms | Allocations: 12554)
Completed 200 OK in 75ms (Views: 72.7ms | ActiveRecord: 0.0ms | Allocations: 13095)


Started GET "/users/sign_up" for ::1 at 2021-10-07 02:22:22 +0300
Processing by Devise::RegistrationsController#new as HTML
  Rendering layout layouts/application.html.erb
  Rendering devise/registrations/new.html.erb within layouts/application
  Rendered devise/shared/_links.html.erb (Duration: 0.3ms | Allocations: 102)
  Rendered devise/registrations/new.html.erb within layouts/application (Duration: 31.7ms | Allocations: 9076)
[Webpacker] Everything's up-to-date. Nothing to do
  Rendered layout layouts/application.html.erb (Duration: 50.6ms | Allocations: 12553)
Completed 200 OK in 54ms (Views: 52.3ms | ActiveRecord: 0.0ms | Allocations: 13094)


Started GET "/users/sign_up" for ::1 at 2021-10-07 02:22:25 +0300
Processing by Devise::RegistrationsController#new as HTML
  Rendering layout layouts/application.html.erb
  Rendering devise/registrations/new.html.erb within layouts/application
  Rendered devise/shared/_links.html.erb (Duration: 0.4ms | Allocations: 102)
  Rendered devise/registrations/new.html.erb within layouts/application (Duration: 44.1ms | Allocations: 9073)
[Webpacker] Everything's up-to-date. Nothing to do
  Rendered layout layouts/application.html.erb (Duration: 62.6ms | Allocations: 12558)
Completed 200 OK in 66ms (Views: 64.3ms | ActiveRecord: 0.0ms | Allocations: 13099)


Started GET "/users/sign_in" for ::1 at 2021-10-07 02:22:53 +0300
Processing by Devise::SessionsController#new as HTML
  Rendering layout layouts/application.html.erb
  Rendering devise/sessions/new.html.erb within layouts/application
  Rendered devise/shared/_links.html.erb (Duration: 0.7ms | Allocations: 158)
  Rendered devise/sessions/new.html.erb within layouts/application (Duration: 35.5ms | Allocations: 8724)
[Webpacker] Everything's up-to-date. Nothing to do
  Rendered layout layouts/application.html.erb (Duration: 48.4ms | Allocations: 12728)
Completed 200 OK in 53ms (Views: 51.4ms | ActiveRecord: 0.0ms | Allocations: 14012)


Started GET "/users/sign_in" for ::1 at 2021-10-07 02:23:54 +0300
Processing by Devise::SessionsController#new as HTML
  [1m[35m (0.1ms)[0m  [1m[34mSELECT sqlite_version(*)[0m
  Rendering layout layouts/application.html.erb
  Rendering devise/sessions/new.html.erb within layouts/application
  Rendered devise/shared/_links.html.erb (Duration: 0.4ms | Allocations: 159)
  Rendered devise/sessions/new.html.erb within layouts/application (Duration: 22.7ms | Allocations: 8537)
[Webpacker] Everything's up-to-date. Nothing to do
  Rendered layout layouts/application.html.erb (Duration: 34.8ms | Allocations: 12042)
Completed 200 OK in 120ms (Views: 36.3ms | ActiveRecord: 65.1ms | Allocations: 17873)


Started GET "/users/sign_in" for ::1 at 2021-10-07 02:24:42 +0300
Processing by Devise::SessionsController#new as HTML
  [1m[35m (0.1ms)[0m  [1m[34mSELECT sqlite_version(*)[0m
  Rendering layout layouts/application.html.erb
  Rendering devise/sessions/new.html.erb within layouts/application
  Rendered devise/shared/_links.html.erb (Duration: 0.4ms | Allocations: 159)
  Rendered devise/sessions/new.html.erb within layouts/application (Duration: 23.9ms | Allocations: 8532)
[Webpacker] Everything's up-to-date. Nothing to do
  Rendered layout layouts/application.html.erb (Duration: 34.9ms | Allocations: 12059)
Completed 200 OK in 57ms (Views: 36.2ms | ActiveRecord: 2.1ms | Allocations: 17831)


Started GET "/users/sign_in" for ::1 at 2021-10-07 02:25:01 +0300
Processing by Devise::SessionsController#new as HTML
  [1m[35m (0.1ms)[0m  [1m[34mSELECT sqlite_version(*)[0m
  Rendering layout layouts/application.html.erb
  Rendering devise/sessions/new.html.erb within layouts/application
  Rendered devise/shared/_links.html.erb (Duration: 0.8ms | Allocations: 159)
  Rendered devise/sessions/new.html.erb within layouts/application (Duration: 30.9ms | Allocations: 8570)
[Webpacker] Everything's up-to-date. Nothing to do
  Rendered layout layouts/application.html.erb (Duration: 45.8ms | Allocations: 12097)
Completed 200 OK in 75ms (Views: 48.9ms | ActiveRecord: 1.6ms | Allocations: 17955)


Started GET "/users/sign_in" for ::1 at 2021-10-07 02:25:25 +0300
Processing by Devise::SessionsController#new as HTML
  [1m[35m (0.1ms)[0m  [1m[34mSELECT sqlite_version(*)[0m
  Rendering layout layouts/application.html.erb
  Rendering devise/sessions/new.html.erb within layouts/application
  Rendered devise/shared/_links.html.erb (Duration: 0.7ms | Allocations: 159)
  Rendered devise/sessions/new.html.erb within layouts/application (Duration: 33.8ms | Allocations: 8534)
[Webpacker] Everything's up-to-date. Nothing to do
  Rendered layout layouts/application.html.erb (Duration: 45.2ms | Allocations: 12061)
Completed 200 OK in 91ms (Views: 57.6ms | ActiveRecord: 1.9ms | Allocations: 17813)


Started GET "/users/sign_in" for ::1 at 2021-10-07 02:25:34 +0300
Processing by Devise::SessionsController#new as HTML
  [1m[35m (0.2ms)[0m  [1m[34mSELECT sqlite_version(*)[0m
  Rendering layout layouts/application.html.erb
  Rendering devise/sessions/new.html.erb within layouts/application
  Rendered devise/shared/_links.html.erb (Duration: 0.5ms | Allocations: 159)
  Rendered devise/sessions/new.html.erb within layouts/application (Duration: 48.9ms | Allocations: 8532)
[Webpacker] Everything's up-to-date. Nothing to do
  Rendered layout layouts/application.html.erb (Duration: 59.9ms | Allocations: 12059)
Completed 200 OK in 101ms (Views: 64.3ms | ActiveRecord: 2.8ms | Allocations: 17850)


Started GET "/users/sign_up" for ::1 at 2021-10-07 02:25:40 +0300
Processing by Devise::RegistrationsController#new as HTML
  Rendering layout layouts/application.html.erb
  Rendering devise/registrations/new.html.erb within layouts/application
  Rendered devise/shared/_links.html.erb (Duration: 0.8ms | Allocations: 110)
  Rendered devise/registrations/new.html.erb within layouts/application (Duration: 36.1ms | Allocations: 9772)
[Webpacker] Everything's up-to-date. Nothing to do
  Rendered layout layouts/application.html.erb (Duration: 46.8ms | Allocations: 13293)
Completed 200 OK in 54ms (Views: 50.9ms | ActiveRecord: 0.0ms | Allocations: 14060)


Started GET "/users/sign_in" for ::1 at 2021-10-07 02:25:42 +0300
Processing by Devise::SessionsController#new as HTML
  Rendering layout layouts/application.html.erb
  Rendering devise/sessions/new.html.erb within layouts/application
  Rendered devise/shared/_links.html.erb (Duration: 1.0ms | Allocations: 148)
  Rendered devise/sessions/new.html.erb within layouts/application (Duration: 30.3ms | Allocations: 8490)
[Webpacker] Everything's up-to-date. Nothing to do
  Rendered layout layouts/application.html.erb (Duration: 44.6ms | Allocations: 11982)
Completed 200 OK in 48ms (Views: 46.7ms | ActiveRecord: 0.0ms | Allocations: 12570)


Started GET "/users/sign_in" for ::1 at 2021-10-07 02:25:45 +0300
Processing by Devise::SessionsController#new as HTML
  Rendering layout layouts/application.html.erb
  Rendering devise/sessions/new.html.erb within layouts/application
  Rendered devise/shared/_links.html.erb (Duration: 0.5ms | Allocations: 148)
  Rendered devise/sessions/new.html.erb within layouts/application (Duration: 30.1ms | Allocations: 8918)
[Webpacker] Everything's up-to-date. Nothing to do
  Rendered layout layouts/application.html.erb (Duration: 43.8ms | Allocations: 12547)
Completed 200 OK in 47ms (Views: 44.9ms | ActiveRecord: 0.0ms | Allocations: 13135)


Started GET "/users/sign_in" for ::1 at 2021-10-07 02:25:46 +0300
Processing by Devise::SessionsController#new as HTML
  Rendering layout layouts/application.html.erb
  Rendering devise/sessions/new.html.erb within layouts/application
  Rendered devise/shared/_links.html.erb (Duration: 0.7ms | Allocations: 148)
  Rendered devise/sessions/new.html.erb within layouts/application (Duration: 35.1ms | Allocations: 8499)
[Webpacker] Everything's up-to-date. Nothing to do
  Rendered layout layouts/application.html.erb (Duration: 57.1ms | Allocations: 12009)
Completed 200 OK in 60ms (Views: 58.4ms | ActiveRecord: 0.0ms | Allocations: 12598)


Started GET "/users" for ::1 at 2021-10-07 02:25:47 +0300
Processing by UsersController#index as HTML
  Rendering layout layouts/application.html.erb
  Rendering users/index.html.erb within layouts/application
  [1m[36mUser Load (0.3ms)[0m  [1m[34mSELECT "users".* FROM "users"[0m
  ↳ app/views/users/index.html.erb:3
  Rendered users/index.html.erb within layouts/application (Duration: 6.2ms | Allocations: 836)
[Webpacker] Everything's up-to-date. Nothing to do
  Rendered layout layouts/application.html.erb (Duration: 30.4ms | Allocations: 5023)
Completed 200 OK in 38ms (Views: 34.5ms | ActiveRecord: 0.3ms | Allocations: 6073)


Started GET "/events" for ::1 at 2021-10-07 02:25:48 +0300
Processing by EventsController#index as HTML
  Rendering layout layouts/application.html.erb
  Rendering events/index.html.erb within layouts/application
  [1m[36mEvent Load (0.3ms)[0m  [1m[34mSELECT "events".* FROM "events" ORDER BY created_at DESC[0m
  ↳ app/views/events/index.html.erb:3
  Rendered events/index.html.erb within layouts/application (Duration: 3.9ms | Allocations: 684)
[Webpacker] Everything's up-to-date. Nothing to do
  Rendered layout layouts/application.html.erb (Duration: 18.0ms | Allocations: 4878)
Completed 200 OK in 25ms (Views: 19.2ms | ActiveRecord: 0.3ms | Allocations: 6765)


